<?xml version="1.0" encoding="UTF-8"?>
<testng-results ignored="0" total="3" passed="3" failed="0" skipped="0">
  <reporter-output>
  </reporter-output>
  <suite started-at="2025-08-25T14:37:11 IST" name="Suite" finished-at="2025-08-25T14:37:49 IST" duration-ms="37549">
    <groups>
      <group name="regression">
        <method signature="ManageNewsTest.manageNews()[pri:0, instance:demoPackage.ManageNewsTest@5a7fe64f]" name="manageNews" class="demoPackage.ManageNewsTest"/>
        <method signature="LoginTest.loginWithValidCredentials()[pri:1, instance:demoPackage.LoginTest@503f91c3]" name="loginWithValidCredentials" class="demoPackage.LoginTest"/>
      </group> <!-- regression -->
    </groups>
    <test started-at="2025-08-25T14:37:11 IST" name="Test" finished-at="2025-08-25T14:37:49 IST" duration-ms="37549">
      <class name="demoPackage.ManageNewsTest">
        <test-method is-config="true" signature="browserInitialization(java.lang.String)[pri:0, instance:demoPackage.ManageNewsTest@5a7fe64f]" started-at="2025-08-25T14:37:11 IST" name="browserInitialization" finished-at="2025-08-25T14:37:28 IST" duration-ms="16878" status="PASS">
          <params>
            <param index="0">
              <value>
                <![CDATA[chrome]]>
              </value>
            </param>
          </params>
          <reporter-output>
          </reporter-output>
        </test-method> <!-- browserInitialization -->
        <test-method signature="manageNews()[pri:0, instance:demoPackage.ManageNewsTest@5a7fe64f]" started-at="2025-08-25T14:37:28 IST" name="manageNews" finished-at="2025-08-25T14:37:33 IST" duration-ms="4667" status="PASS">
          <reporter-output>
          </reporter-output>
        </test-method> <!-- manageNews -->
        <test-method is-config="true" signature="browserQuit(org.testng.ITestResult)[pri:0, instance:demoPackage.ManageNewsTest@5a7fe64f]" started-at="2025-08-25T14:37:33 IST" name="browserQuit" finished-at="2025-08-25T14:37:34 IST" duration-ms="789" status="PASS">
          <params>
            <param index="0">
              <value>
                <![CDATA[[TestResult name=manageNews status=SUCCESS method=ManageNewsTest.manageNews()[pri:0, instance:demoPackage.ManageNewsTest@5a7fe64f] output={null}]]]>
              </value>
            </param>
          </params>
          <reporter-output>
          </reporter-output>
        </test-method> <!-- browserQuit -->
      </class> <!-- demoPackage.ManageNewsTest -->
      <class name="demoPackage.LoginTest">
        <test-method is-config="true" signature="browserInitialization(java.lang.String)[pri:0, instance:demoPackage.LoginTest@503f91c3]" started-at="2025-08-25T14:37:34 IST" name="browserInitialization" finished-at="2025-08-25T14:37:39 IST" duration-ms="5074" status="PASS">
          <params>
            <param index="0">
              <value>
                <![CDATA[chrome]]>
              </value>
            </param>
          </params>
          <reporter-output>
          </reporter-output>
        </test-method> <!-- browserInitialization -->
        <test-method signature="loginWithValidCredentials()[pri:1, instance:demoPackage.LoginTest@503f91c3]" started-at="2025-08-25T14:37:39 IST" name="loginWithValidCredentials" finished-at="2025-08-25T14:37:40 IST" duration-ms="1167" status="PASS">
          <reporter-output>
          </reporter-output>
        </test-method> <!-- loginWithValidCredentials -->
        <test-method is-config="true" signature="browserQuit(org.testng.ITestResult)[pri:0, instance:demoPackage.LoginTest@503f91c3]" started-at="2025-08-25T14:37:40 IST" name="browserQuit" finished-at="2025-08-25T14:37:40 IST" duration-ms="348" status="PASS">
          <params>
            <param index="0">
              <value>
                <![CDATA[[TestResult name=loginWithValidCredentials status=SUCCESS method=LoginTest.loginWithValidCredentials()[pri:1, instance:demoPackage.LoginTest@503f91c3] output={null}]]]>
              </value>
            </param>
          </params>
          <reporter-output>
          </reporter-output>
        </test-method> <!-- browserQuit -->
      </class> <!-- demoPackage.LoginTest -->
      <class name="demoPackage.AdminUserTest">
        <test-method is-config="true" signature="browserInitialization(java.lang.String)[pri:0, instance:demoPackage.AdminUserTest@13526e59]" started-at="2025-08-25T14:37:40 IST" name="browserInitialization" finished-at="2025-08-25T14:37:45 IST" duration-ms="4439" status="PASS">
          <params>
            <param index="0">
              <value>
                <![CDATA[chrome]]>
              </value>
            </param>
          </params>
          <reporter-output>
          </reporter-output>
        </test-method> <!-- browserInitialization -->
        <test-method signature="addAdminUserInformations()[pri:0, instance:demoPackage.AdminUserTest@13526e59]" started-at="2025-08-25T14:37:45 IST" name="addAdminUserInformations" finished-at="2025-08-25T14:37:48 IST" duration-ms="3751" status="PASS">
          <reporter-output>
          </reporter-output>
        </test-method> <!-- addAdminUserInformations -->
        <test-method is-config="true" signature="browserQuit(org.testng.ITestResult)[pri:0, instance:demoPackage.AdminUserTest@13526e59]" started-at="2025-08-25T14:37:48 IST" name="browserQuit" finished-at="2025-08-25T14:37:49 IST" duration-ms="335" status="PASS">
          <params>
            <param index="0">
              <value>
                <![CDATA[[TestResult name=addAdminUserInformations status=SUCCESS method=AdminUserTest.addAdminUserInformations()[pri:0, instance:demoPackage.AdminUserTest@13526e59] output={null}]]]>
              </value>
            </param>
          </params>
          <reporter-output>
          </reporter-output>
        </test-method> <!-- browserQuit -->
      </class> <!-- demoPackage.AdminUserTest -->
    </test> <!-- Test -->
  </suite> <!-- Suite -->
</testng-results>
