<?xml version="1.0" encoding="UTF-8"?>
<!-- Generated by org.testng.reporters.JUnitXMLReporter -->
<testsuite ignored="5" hostname="LAPTOP-OCIA1DL8" failures="0" tests="3" name="Test" time="37.549" errors="0" timestamp="2025-08-25T14:37:50 IST">
  <testcase classname="demoPackage.ManageNewsTest" name="manageNews" time="4.667"/>
  <testcase classname="demoPackage.LoginTest" name="loginWithValidCredentials" time="1.167"/>
  <testcase classname="demoPackage.AdminUserTest" name="addAdminUserInformations" time="3.751"/>
  <testcase classname="demoPackage.LoginTest" name="loginWithNoCredentials" time="0.0">
    <ignored/>
  </testcase> <!-- loginWithNoCredentials -->
  <testcase classname="demoPackage.LoginTest" name="loginWithUsernameValid" time="0.0">
    <ignored/>
  </testcase> <!-- loginWithUsernameValid -->
  <testcase classname="demoPackage.LoginTest" name="loginWithPasswordValid" time="0.0">
    <ignored/>
  </testcase> <!-- loginWithPasswordValid -->
  <testcase classname="demoPackage.ManageNewsTest" name="newsUpdate" time="0.0">
    <ignored/>
  </testcase> <!-- newsUpdate -->
  <testcase classname="demoPackage.LoginTest" name="loginWithInvalidCredentials" time="0.0">
    <ignored/>
  </testcase> <!-- loginWithInvalidCredentials -->
</testsuite> <!-- Test -->
